<?xml version="1.0" encoding="UTF-8"?>
<!-- Generated by org.testng.reporters.JUnitXMLReporter -->
<testsuite ignored="0" hostname="DESKTOP-F95BMJT" failures="0" tests="3" name="Default test" time="35.787" errors="0" timestamp="2024-06-13T17:16:04 IST">
  <testcase classname="com.uaisel.ecommerce.home.TC001_customerRegistration" name="customerRegistration" time="21.19"/>
  <testcase classname="com.uaisel.ecommerce.home.TC001_customerRegistration" name="hmsLogin" time="0.003"/>
  <testcase classname="com.uaisel.ecommerce.home.TC001_customerRegistration" name="hmsLogout" time="0.004"/>
</testsuite> <!-- Default test -->
