<?xml version="1.0" encoding="UTF-8"?>
<testng-results ignored="0" total="1" passed="1" failed="0" skipped="0">
  <reporter-output>
  </reporter-output>
  <suite started-at="2024-06-20T08:11:19 IST" name="Surefire suite" finished-at="2024-06-20T08:11:19 IST" duration-ms="43">
    <groups>
    </groups>
    <test started-at="2024-06-20T08:11:19 IST" name="Surefire test" finished-at="2024-06-20T08:11:19 IST" duration-ms="43">
      <class name="com.uaisel.E_Commerce_POM.AppTest">
        <test-method signature="testApp()[pri:0, instance:testApp(com.uaisel.E_Commerce_POM.AppTest)]" started-at="2024-06-20T08:11:19 IST" name="testApp" finished-at="2024-06-20T08:11:19 IST" duration-ms="8" status="PASS">
          <reporter-output>
          </reporter-output>
        </test-method> <!-- testApp -->
      </class> <!-- com.uaisel.E_Commerce_POM.AppTest -->
    </test> <!-- Surefire test -->
  </suite> <!-- Surefire suite -->
</testng-results>
