<?xml version="1.0" encoding="UTF-8"?>
<!-- Generated by org.testng.reporters.JUnitXMLReporter -->
<testsuite ignored="0" hostname="DESKTOP-F95BMJT" failures="0" tests="3" name="Test" time="31.896" errors="0" timestamp="2024-06-21T10:53:27 IST">
  <testcase classname="com.uaisel.E_Commerce_POM.home.TC001_CustomerRegistration" name="customerRegistration" time="20.209"/>
  <testcase classname="com.uaisel.E_Commerce_POM.home.TC001_CustomerRegistration" name="hmsLogin" time="0.008"/>
  <testcase classname="com.uaisel.E_Commerce_POM.home.TC001_CustomerRegistration" name="hmsLogout" time="0.006"/>
</testsuite> <!-- Test -->
