<?xml version="1.0" encoding="UTF-8"?>
<!-- Generated by org.testng.reporters.JUnitXMLReporter -->
<testsuite ignored="0" hostname="DESKTOP-F95BMJT" failures="1" tests="2" name="Test" time="32.194" errors="0" timestamp="2024-06-13T14:21:23 IST">
  <testcase classname="com.uaisel.ecommerce.home.TC001_customerRegistration" name="customerRegistration" time="21.71"/>
  <testcase classname="com.uaisel.ecommerce.home.TC001_customerRegistration" name="customerRegistration" time="21.734">
    <failure type="java.lang.NullPointerException" message="Cannot invoke &amp;quot;org.openqa.selenium.TakesScreenshot.getScreenshotAs(org.openqa.selenium.OutputType)&amp;quot; because &amp;quot;this.driver&amp;quot; is null">
      <![CDATA[java.lang.NullPointerException: Cannot invoke "org.openqa.selenium.TakesScreenshot.getScreenshotAs(org.openqa.selenium.OutputType)" because "this.driver" is null
at com.uaisel.ecommerce.listeners.Listeners.onTestSuccess(Listeners.java:35)
at java.base/java.util.ArrayList.forEach(ArrayList.java:1596)
... Removed 24 stack frames]]>
    </failure>
  </testcase> <!-- customerRegistration -->
</testsuite> <!-- Test -->
