<?xml version="1.0" encoding="UTF-8"?>
<!-- Generated by org.testng.reporters.JUnitXMLReporter -->
<testsuite ignored="0" hostname="DESKTOP-F95BMJT" failures="0" tests="3" name="Default test" time="36.711" errors="0" timestamp="2024-06-21T12:11:23 IST">
  <testcase classname="com.uaisel.E_Commerce_POM.home.TC001_CustomerRegistration" name="customerRegistration" time="19.458"/>
  <testcase classname="com.uaisel.E_Commerce_POM.home.TC001_CustomerRegistration" name="hmsLogin" time="0.006"/>
  <testcase classname="com.uaisel.E_Commerce_POM.home.TC001_CustomerRegistration" name="hmsLogout" time="0.004"/>
</testsuite> <!-- Default test -->
